<?xml version="1.0" encoding="UTF-8"?>
<testng-results skipped="0" failed="0" total="1" passed="1">
  <reporter-output>
  </reporter-output>
  <suite name="Default suite" duration-ms="750881" started-at="2021-06-13T13:35:55Z" finished-at="2021-06-13T13:48:25Z">
    <groups>
    </groups>
    <test name="Default test" duration-ms="750881" started-at="2021-06-13T13:35:55Z" finished-at="2021-06-13T13:48:25Z">
      <class name="com.nayan.Login.testcases.TC_02_Verify_Data_Movement_Between_Specialist_Managers">
        <test-method status="PASS" signature="setUp()[pri:0, instance:com.nayan.Login.testcases.TC_02_Verify_Data_Movement_Between_Specialist_Managers@4de8b406]" name="setUp" is-config="true" duration-ms="12325" started-at="2021-06-13T19:05:55Z" finished-at="2021-06-13T19:06:07Z">
          <reporter-output>
          </reporter-output>
        </test-method> <!-- setUp -->
        <test-method status="PASS" signature="verify_Data_Movement_Between_Specialist_Managers()[pri:0, instance:com.nayan.Login.testcases.TC_02_Verify_Data_Movement_Between_Specialist_Managers@4de8b406]" name="verify_Data_Movement_Between_Specialist_Managers" duration-ms="737241" started-at="2021-06-13T19:06:07Z" finished-at="2021-06-13T19:18:24Z">
          <reporter-output>
          </reporter-output>
        </test-method> <!-- verify_Data_Movement_Between_Specialist_Managers -->
        <test-method status="PASS" signature="checkResult(org.testng.ITestResult)[pri:0, instance:com.nayan.Login.testcases.TC_02_Verify_Data_Movement_Between_Specialist_Managers@4de8b406]" name="checkResult" is-config="true" duration-ms="13" started-at="2021-06-13T19:18:24Z" finished-at="2021-06-13T19:18:24Z">
          <params>
            <param index="0">
              <value>
                <![CDATA[[TestResult name=verify_Data_Movement_Between_Specialist_Managers status=SUCCESS method=TC_02_Verify_Data_Movement_Between_Specialist_Managers.verify_Data_Movement_Between_Specialist_Managers()[pri:0, instance:com.nayan.Login.testcases.TC_02_Verify_Data_Movement_Between_Specialist_Managers@4de8b406] output={null}]]]>
              </value>
            </param>
          </params>
          <reporter-output>
          </reporter-output>
        </test-method> <!-- checkResult -->
        <test-method status="PASS" signature="tearDown()[pri:0, instance:com.nayan.Login.testcases.TC_02_Verify_Data_Movement_Between_Specialist_Managers@4de8b406]" name="tearDown" is-config="true" duration-ms="1283" started-at="2021-06-13T19:18:24Z" finished-at="2021-06-13T19:18:25Z">
          <reporter-output>
          </reporter-output>
        </test-method> <!-- tearDown -->
      </class> <!-- com.nayan.Login.testcases.TC_02_Verify_Data_Movement_Between_Specialist_Managers -->
    </test> <!-- Default test -->
  </suite> <!-- Default suite -->
</testng-results>
