<?xml version="1.0" encoding="UTF-8"?>
<testng-results skipped="0" failed="1" total="1" passed="0">
  <reporter-output>
  </reporter-output>
  <suite name="Default suite" duration-ms="102077" started-at="2021-05-31T19:50:02Z" finished-at="2021-05-31T19:51:44Z">
    <groups>
    </groups>
    <test name="Default test" duration-ms="102077" started-at="2021-05-31T19:50:02Z" finished-at="2021-05-31T19:51:44Z">
      <class name="com.nayan.Login.testcases.TC_02_Verify_Data_Movement_Between_Specialist_Managers">
        <test-method status="PASS" signature="setUp()[pri:0, instance:com.nayan.Login.testcases.TC_02_Verify_Data_Movement_Between_Specialist_Managers@4de8b406]" name="setUp" is-config="true" duration-ms="12925" started-at="2021-06-01T01:20:02Z" finished-at="2021-06-01T01:20:14Z">
          <reporter-output>
          </reporter-output>
        </test-method> <!-- setUp -->
        <test-method status="FAIL" signature="verify_Data_Movement_Between_Specialist_Managers()[pri:0, instance:com.nayan.Login.testcases.TC_02_Verify_Data_Movement_Between_Specialist_Managers@4de8b406]" name="verify_Data_Movement_Between_Specialist_Managers" duration-ms="89067" started-at="2021-06-01T01:20:14Z" finished-at="2021-06-01T01:21:44Z">
          <exception class="org.openqa.selenium.WebDriverException">
            <message>
              <![CDATA[An unknown server-side error occurred while processing the command. Original error: Could not proxy command to remote server. Original error: Error: socket hang up
Build info: version: '3.141.59', revision: 'e82be7d358', time: '2018-11-14T08:17:03'
System info: host: 'DESKTOP-165ABPJ', ip: '192.168.1.4', os.name: 'Windows 10', os.arch: 'amd64', os.version: '10.0', java.version: '1.8.0_202'
Driver info: io.appium.java_client.android.AndroidDriver
Capabilities {appActivity: co.nayan.c3specialist_v2.Sp..., appPackage: co.nayan.c3specialist_v2.qa..., databaseEnabled: false, desired: {appActivity: co.nayan.c3specialist_v2.Sp..., appPackage: co.nayan.c3specialist_v2.qa..., deviceName: OnePlus 5T, noReset: false, platformName: android, platformVersion: 9.0.11, skipUnlock: true, udid: c9f5edbb}, deviceApiLevel: 28, deviceManufacturer: OnePlus, deviceModel: ONEPLUS A5010, deviceName: c9f5edbb, deviceScreenDensity: 420, deviceScreenSize: 1080x2160, deviceUDID: c9f5edbb, javascriptEnabled: true, locationContextEnabled: false, networkConnectionEnabled: true, noReset: false, pixelRatio: 2.625, platform: LINUX, platformName: Android, platformVersion: 9, skipUnlock: true, statBarHeight: 63, takesScreenshot: true, udid: c9f5edbb, viewportRect: {height: 1971, left: 0, top: 63, width: 1080}, warnings: {}, webStorageEnabled: false}
Session ID: ffeff417-c31c-4083-8b0d-c6403e44046d]]>
            </message>
            <full-stacktrace>
              <![CDATA[org.openqa.selenium.WebDriverException: An unknown server-side error occurred while processing the command. Original error: Could not proxy command to remote server. Original error: Error: socket hang up
Build info: version: '3.141.59', revision: 'e82be7d358', time: '2018-11-14T08:17:03'
System info: host: 'DESKTOP-165ABPJ', ip: '192.168.1.4', os.name: 'Windows 10', os.arch: 'amd64', os.version: '10.0', java.version: '1.8.0_202'
Driver info: io.appium.java_client.android.AndroidDriver
Capabilities {appActivity: co.nayan.c3specialist_v2.Sp..., appPackage: co.nayan.c3specialist_v2.qa..., databaseEnabled: false, desired: {appActivity: co.nayan.c3specialist_v2.Sp..., appPackage: co.nayan.c3specialist_v2.qa..., deviceName: OnePlus 5T, noReset: false, platformName: android, platformVersion: 9.0.11, skipUnlock: true, udid: c9f5edbb}, deviceApiLevel: 28, deviceManufacturer: OnePlus, deviceModel: ONEPLUS A5010, deviceName: c9f5edbb, deviceScreenDensity: 420, deviceScreenSize: 1080x2160, deviceUDID: c9f5edbb, javascriptEnabled: true, locationContextEnabled: false, networkConnectionEnabled: true, noReset: false, pixelRatio: 2.625, platform: LINUX, platformName: Android, platformVersion: 9, skipUnlock: true, statBarHeight: 63, takesScreenshot: true, udid: c9f5edbb, viewportRect: {height: 1971, left: 0, top: 63, width: 1080}, warnings: {}, webStorageEnabled: false}
Session ID: ffeff417-c31c-4083-8b0d-c6403e44046d
	at sun.reflect.NativeConstructorAccessorImpl.newInstance0(Native Method)
	at sun.reflect.NativeConstructorAccessorImpl.newInstance(Unknown Source)
	at sun.reflect.DelegatingConstructorAccessorImpl.newInstance(Unknown Source)
	at java.lang.reflect.Constructor.newInstance(Unknown Source)
	at org.openqa.selenium.remote.http.W3CHttpResponseCodec.createException(W3CHttpResponseCodec.java:187)
	at org.openqa.selenium.remote.http.W3CHttpResponseCodec.decode(W3CHttpResponseCodec.java:122)
	at org.openqa.selenium.remote.http.W3CHttpResponseCodec.decode(W3CHttpResponseCodec.java:49)
	at org.openqa.selenium.remote.HttpCommandExecutor.execute(HttpCommandExecutor.java:158)
	at io.appium.java_client.remote.AppiumCommandExecutor.execute(AppiumCommandExecutor.java:239)
	at org.openqa.selenium.remote.RemoteWebDriver.execute(RemoteWebDriver.java:552)
	at io.appium.java_client.DefaultGenericMobileDriver.execute(DefaultGenericMobileDriver.java:42)
	at io.appium.java_client.AppiumDriver.execute(AppiumDriver.java:1)
	at io.appium.java_client.android.AndroidDriver.execute(AndroidDriver.java:1)
	at io.appium.java_client.PerformsTouchActions.performTouchAction(PerformsTouchActions.java:41)
	at io.appium.java_client.TouchAction.perform(TouchAction.java:187)
	at com.nayan.pageobjects.DashBoardPage.selectArea(DashBoardPage.java:107)
	at com.nayan.Login.testcases.TC_02_Verify_Data_Movement_Between_Specialist_Managers.verify_Data_Movement_Between_Specialist_Managers(TC_02_Verify_Data_Movement_Between_Specialist_Managers.java:51)
	at sun.reflect.NativeMethodAccessorImpl.invoke0(Native Method)
	at sun.reflect.NativeMethodAccessorImpl.invoke(Unknown Source)
	at sun.reflect.DelegatingMethodAccessorImpl.invoke(Unknown Source)
	at java.lang.reflect.Method.invoke(Unknown Source)
	at org.testng.internal.MethodInvocationHelper.invokeMethod(MethodInvocationHelper.java:86)
	at org.testng.internal.Invoker.invokeMethod(Invoker.java:645)
	at org.testng.internal.Invoker.invokeTestMethod(Invoker.java:822)
	at org.testng.internal.Invoker.invokeTestMethods(Invoker.java:1130)
	at org.testng.internal.TestMethodWorker.invokeTestMethods(TestMethodWorker.java:129)
	at org.testng.internal.TestMethodWorker.run(TestMethodWorker.java:112)
	at org.testng.TestRunner.privateRun(TestRunner.java:782)
	at org.testng.TestRunner.run(TestRunner.java:632)
	at org.testng.SuiteRunner.runTest(SuiteRunner.java:366)
	at org.testng.SuiteRunner.runSequentially(SuiteRunner.java:361)
	at org.testng.SuiteRunner.privateRun(SuiteRunner.java:319)
	at org.testng.SuiteRunner.run(SuiteRunner.java:268)
	at org.testng.SuiteRunnerWorker.runSuite(SuiteRunnerWorker.java:52)
	at org.testng.SuiteRunnerWorker.run(SuiteRunnerWorker.java:86)
	at org.testng.TestNG.runSuitesSequentially(TestNG.java:1244)
	at org.testng.TestNG.runSuitesLocally(TestNG.java:1169)
	at org.testng.TestNG.run(TestNG.java:1064)
	at org.testng.remote.RemoteTestNG.run(RemoteTestNG.java:113)
	at org.testng.remote.RemoteTestNG.initAndRun(RemoteTestNG.java:206)
	at org.testng.remote.RemoteTestNG.main(RemoteTestNG.java:177)
]]>
            </full-stacktrace>
          </exception> <!-- org.openqa.selenium.WebDriverException -->
          <reporter-output>
          </reporter-output>
        </test-method> <!-- verify_Data_Movement_Between_Specialist_Managers -->
        <test-method status="FAIL" signature="checkResult(org.testng.ITestResult)[pri:0, instance:com.nayan.Login.testcases.TC_02_Verify_Data_Movement_Between_Specialist_Managers@4de8b406]" name="checkResult" is-config="true" duration-ms="0" started-at="2021-06-01T01:21:44Z" finished-at="2021-06-01T01:21:44Z">
          <params>
            <param index="0">
              <value>
                <![CDATA[[TestResult name=verify_Data_Movement_Between_Specialist_Managers status=FAILURE method=TC_02_Verify_Data_Movement_Between_Specialist_Managers.verify_Data_Movement_Between_Specialist_Managers()[pri:0, instance:com.nayan.Login.testcases.TC_02_Verify_Data_Movement_Between_Specialist_Managers@4de8b406] output={null}]]]>
              </value>
            </param>
          </params>
          <exception class="org.testng.internal.thread.ThreadExecutionException">
            <message>
              <![CDATA[org.testng.internal.InvokeMethodRunnable$TestNGRuntimeException: org.openqa.selenium.WebDriverException: An unknown server-side error occurred while processing the command. Original error: Could not proxy command to remote server. Original error: Error: socket hang up
Build info: version: '3.141.59', revision: 'e82be7d358', time: '2018-11-14T08:17:03'
System info: host: 'DESKTOP-165ABPJ', ip: '192.168.1.4', os.name: 'Windows 10', os.arch: 'amd64', os.version: '10.0', java.version: '1.8.0_202'
Driver info: io.appium.java_client.android.AndroidDriver
Capabilities {appActivity: co.nayan.c3specialist_v2.Sp..., appPackage: co.nayan.c3specialist_v2.qa..., databaseEnabled: false, desired: {appActivity: co.nayan.c3specialist_v2.Sp..., appPackage: co.nayan.c3specialist_v2.qa..., deviceName: OnePlus 5T, noReset: false, platformName: android, platformVersion: 9.0.11, skipUnlock: true, udid: c9f5edbb}, deviceApiLevel: 28, deviceManufacturer: OnePlus, deviceModel: ONEPLUS A5010, deviceName: c9f5edbb, deviceScreenDensity: 420, deviceScreenSize: 1080x2160, deviceUDID: c9f5edbb, javascriptEnabled: true, locationContextEnabled: false, networkConnectionEnabled: true, noReset: false, pixelRatio: 2.625, platform: LINUX, platformName: Android, platformVersion: 9, skipUnlock: true, statBarHeight: 63, takesScreenshot: true, udid: c9f5edbb, viewportRect: {height: 1971, left: 0, top: 63, width: 1080}, warnings: {}, webStorageEnabled: false}
Session ID: ffeff417-c31c-4083-8b0d-c6403e44046d]]>
            </message>
            <full-stacktrace>
              <![CDATA[org.testng.internal.thread.ThreadExecutionException: org.testng.internal.InvokeMethodRunnable$TestNGRuntimeException: org.openqa.selenium.WebDriverException: An unknown server-side error occurred while processing the command. Original error: Could not proxy command to remote server. Original error: Error: socket hang up
Build info: version: '3.141.59', revision: 'e82be7d358', time: '2018-11-14T08:17:03'
System info: host: 'DESKTOP-165ABPJ', ip: '192.168.1.4', os.name: 'Windows 10', os.arch: 'amd64', os.version: '10.0', java.version: '1.8.0_202'
Driver info: io.appium.java_client.android.AndroidDriver
Capabilities {appActivity: co.nayan.c3specialist_v2.Sp..., appPackage: co.nayan.c3specialist_v2.qa..., databaseEnabled: false, desired: {appActivity: co.nayan.c3specialist_v2.Sp..., appPackage: co.nayan.c3specialist_v2.qa..., deviceName: OnePlus 5T, noReset: false, platformName: android, platformVersion: 9.0.11, skipUnlock: true, udid: c9f5edbb}, deviceApiLevel: 28, deviceManufacturer: OnePlus, deviceModel: ONEPLUS A5010, deviceName: c9f5edbb, deviceScreenDensity: 420, deviceScreenSize: 1080x2160, deviceUDID: c9f5edbb, javascriptEnabled: true, locationContextEnabled: false, networkConnectionEnabled: true, noReset: false, pixelRatio: 2.625, platform: LINUX, platformName: Android, platformVersion: 9, skipUnlock: true, statBarHeight: 63, takesScreenshot: true, udid: c9f5edbb, viewportRect: {height: 1971, left: 0, top: 63, width: 1080}, warnings: {}, webStorageEnabled: false}
Session ID: ffeff417-c31c-4083-8b0d-c6403e44046d
	at org.testng.internal.thread.FutureResultAdapter.get(FutureResultAdapter.java:25)
	at org.testng.internal.MethodInvocationHelper.invokeWithTimeoutWithNewExecutor(MethodInvocationHelper.java:276)
	at org.testng.internal.MethodInvocationHelper.invokeWithTimeout(MethodInvocationHelper.java:234)
	at org.testng.internal.MethodInvocationHelper.invokeWithTimeout(MethodInvocationHelper.java:223)
	at org.testng.internal.Invoker.invokeConfigurationMethod(Invoker.java:517)
	at org.testng.internal.Invoker.invokeConfigurations(Invoker.java:215)
	at org.testng.internal.Invoker.invokeMethod(Invoker.java:709)
	at org.testng.internal.Invoker.invokeTestMethod(Invoker.java:822)
	at org.testng.internal.Invoker.invokeTestMethods(Invoker.java:1130)
	at org.testng.internal.TestMethodWorker.invokeTestMethods(TestMethodWorker.java:129)
	at org.testng.internal.TestMethodWorker.run(TestMethodWorker.java:112)
	at org.testng.TestRunner.privateRun(TestRunner.java:782)
	at org.testng.TestRunner.run(TestRunner.java:632)
	at org.testng.SuiteRunner.runTest(SuiteRunner.java:366)
	at org.testng.SuiteRunner.runSequentially(SuiteRunner.java:361)
	at org.testng.SuiteRunner.privateRun(SuiteRunner.java:319)
	at org.testng.SuiteRunner.run(SuiteRunner.java:268)
	at org.testng.SuiteRunnerWorker.runSuite(SuiteRunnerWorker.java:52)
	at org.testng.SuiteRunnerWorker.run(SuiteRunnerWorker.java:86)
	at org.testng.TestNG.runSuitesSequentially(TestNG.java:1244)
	at org.testng.TestNG.runSuitesLocally(TestNG.java:1169)
	at org.testng.TestNG.run(TestNG.java:1064)
	at org.testng.remote.RemoteTestNG.run(RemoteTestNG.java:113)
	at org.testng.remote.RemoteTestNG.initAndRun(RemoteTestNG.java:206)
	at org.testng.remote.RemoteTestNG.main(RemoteTestNG.java:177)
Caused by: org.testng.internal.InvokeMethodRunnable$TestNGRuntimeException: org.openqa.selenium.WebDriverException: An unknown server-side error occurred while processing the command. Original error: Could not proxy command to remote server. Original error: Error: socket hang up
Build info: version: '3.141.59', revision: 'e82be7d358', time: '2018-11-14T08:17:03'
System info: host: 'DESKTOP-165ABPJ', ip: '192.168.1.4', os.name: 'Windows 10', os.arch: 'amd64', os.version: '10.0', java.version: '1.8.0_202'
Driver info: io.appium.java_client.android.AndroidDriver
Capabilities {appActivity: co.nayan.c3specialist_v2.Sp..., appPackage: co.nayan.c3specialist_v2.qa..., databaseEnabled: false, desired: {appActivity: co.nayan.c3specialist_v2.Sp..., appPackage: co.nayan.c3specialist_v2.qa..., deviceName: OnePlus 5T, noReset: false, platformName: android, platformVersion: 9.0.11, skipUnlock: true, udid: c9f5edbb}, deviceApiLevel: 28, deviceManufacturer: OnePlus, deviceModel: ONEPLUS A5010, deviceName: c9f5edbb, deviceScreenDensity: 420, deviceScreenSize: 1080x2160, deviceUDID: c9f5edbb, javascriptEnabled: true, locationContextEnabled: false, networkConnectionEnabled: true, noReset: false, pixelRatio: 2.625, platform: LINUX, platformName: Android, platformVersion: 9, skipUnlock: true, statBarHeight: 63, takesScreenshot: true, udid: c9f5edbb, viewportRect: {height: 1971, left: 0, top: 63, width: 1080}, warnings: {}, webStorageEnabled: false}
Session ID: ffeff417-c31c-4083-8b0d-c6403e44046d
	at org.testng.internal.InvokeMethodRunnable.runOne(InvokeMethodRunnable.java:61)
	at org.testng.internal.InvokeMethodRunnable.run(InvokeMethodRunnable.java:44)
	at java.util.concurrent.Executors$RunnableAdapter.call(Unknown Source)
	at java.util.concurrent.FutureTask.run(Unknown Source)
	at java.util.concurrent.ThreadPoolExecutor.runWorker(Unknown Source)
	at java.util.concurrent.ThreadPoolExecutor$Worker.run(Unknown Source)
	at java.lang.Thread.run(Unknown Source)
Caused by: org.openqa.selenium.WebDriverException: An unknown server-side error occurred while processing the command. Original error: Could not proxy command to remote server. Original error: Error: socket hang up
Build info: version: '3.141.59', revision: 'e82be7d358', time: '2018-11-14T08:17:03'
System info: host: 'DESKTOP-165ABPJ', ip: '192.168.1.4', os.name: 'Windows 10', os.arch: 'amd64', os.version: '10.0', java.version: '1.8.0_202'
Driver info: io.appium.java_client.android.AndroidDriver
Capabilities {appActivity: co.nayan.c3specialist_v2.Sp..., appPackage: co.nayan.c3specialist_v2.qa..., databaseEnabled: false, desired: {appActivity: co.nayan.c3specialist_v2.Sp..., appPackage: co.nayan.c3specialist_v2.qa..., deviceName: OnePlus 5T, noReset: false, platformName: android, platformVersion: 9.0.11, skipUnlock: true, udid: c9f5edbb}, deviceApiLevel: 28, deviceManufacturer: OnePlus, deviceModel: ONEPLUS A5010, deviceName: c9f5edbb, deviceScreenDensity: 420, deviceScreenSize: 1080x2160, deviceUDID: c9f5edbb, javascriptEnabled: true, locationContextEnabled: false, networkConnectionEnabled: true, noReset: false, pixelRatio: 2.625, platform: LINUX, platformName: Android, platformVersion: 9, skipUnlock: true, statBarHeight: 63, takesScreenshot: true, udid: c9f5edbb, viewportRect: {height: 1971, left: 0, top: 63, width: 1080}, warnings: {}, webStorageEnabled: false}
Session ID: ffeff417-c31c-4083-8b0d-c6403e44046d
	at sun.reflect.NativeConstructorAccessorImpl.newInstance0(Native Method)
	at sun.reflect.NativeConstructorAccessorImpl.newInstance(Unknown Source)
	at sun.reflect.DelegatingConstructorAccessorImpl.newInstance(Unknown Source)
	at java.lang.reflect.Constructor.newInstance(Unknown Source)
	at org.openqa.selenium.remote.http.W3CHttpResponseCodec.createException(W3CHttpResponseCodec.java:187)
	at org.openqa.selenium.remote.http.W3CHttpResponseCodec.decode(W3CHttpResponseCodec.java:122)
	at org.openqa.selenium.remote.http.W3CHttpResponseCodec.decode(W3CHttpResponseCodec.java:49)
	at org.openqa.selenium.remote.HttpCommandExecutor.execute(HttpCommandExecutor.java:158)
	at io.appium.java_client.remote.AppiumCommandExecutor.execute(AppiumCommandExecutor.java:239)
	at org.openqa.selenium.remote.RemoteWebDriver.execute(RemoteWebDriver.java:552)
	at io.appium.java_client.DefaultGenericMobileDriver.execute(DefaultGenericMobileDriver.java:46)
	at io.appium.java_client.AppiumDriver.execute(AppiumDriver.java:1)
	at io.appium.java_client.android.AndroidDriver.execute(AndroidDriver.java:1)
	at org.openqa.selenium.remote.RemoteWebDriver.getScreenshotAs(RemoteWebDriver.java:295)
	at helperMethods.Screenshots.takeScreenshot(Screenshots.java:32)
	at base.BaseClass.checkResult(BaseClass.java:181)
	at sun.reflect.NativeMethodAccessorImpl.invoke0(Native Method)
	at sun.reflect.NativeMethodAccessorImpl.invoke(Unknown Source)
	at sun.reflect.DelegatingMethodAccessorImpl.invoke(Unknown Source)
	at java.lang.reflect.Method.invoke(Unknown Source)
	at org.testng.internal.MethodInvocationHelper.invokeMethod(MethodInvocationHelper.java:86)
	at org.testng.internal.InvokeMethodRunnable.runOne(InvokeMethodRunnable.java:54)
	... 6 more
]]>
            </full-stacktrace>
          </exception> <!-- org.testng.internal.thread.ThreadExecutionException -->
          <reporter-output>
          </reporter-output>
        </test-method> <!-- checkResult -->
        <test-method status="SKIP" signature="tearDown()[pri:0, instance:com.nayan.Login.testcases.TC_02_Verify_Data_Movement_Between_Specialist_Managers@4de8b406]" name="tearDown" is-config="true" duration-ms="0" started-at="2021-06-01T01:21:44Z" finished-at="2021-06-01T01:21:44Z">
          <reporter-output>
          </reporter-output>
        </test-method> <!-- tearDown -->
      </class> <!-- com.nayan.Login.testcases.TC_02_Verify_Data_Movement_Between_Specialist_Managers -->
    </test> <!-- Default test -->
  </suite> <!-- Default suite -->
</testng-results>
